::1 - - [07/Sep/2020:15:58:18 +0000] "GET /goals HTTP/1.1" 304 - "http://localhost:3000/" "Mozilla/5.0 (Macintosh; Intel Mac OS X 10_15_6) AppleWebKit/537.36 (KHTML, like Gecko) Chrome/85.0.4183.83 Safari/537.36"
::1 - - [07/Sep/2020:15:59:11 +0000] "GET /goals HTTP/1.1" 304 - "http://localhost:3000/" "Mozilla/5.0 (Macintosh; Intel Mac OS X 10_15_6) AppleWebKit/537.36 (KHTML, like Gecko) Chrome/85.0.4183.83 Safari/537.36"
::1 - - [07/Sep/2020:15:59:41 +0000] "GET /goals HTTP/1.1" 304 - "http://localhost:3000/" "Mozilla/5.0 (Macintosh; Intel Mac OS X 10_15_6) AppleWebKit/537.36 (KHTML, like Gecko) Chrome/85.0.4183.83 Safari/537.36"
::1 - - [07/Sep/2020:16:01:10 +0000] "OPTIONS /goals HTTP/1.1" 200 13 "http://localhost:3000/" "Mozilla/5.0 (Macintosh; Intel Mac OS X 10_15_6) AppleWebKit/537.36 (KHTML, like Gecko) Chrome/85.0.4183.83 Safari/537.36"
::1 - - [07/Sep/2020:16:01:10 +0000] "POST /goals HTTP/1.1" 201 88 "http://localhost:3000/" "Mozilla/5.0 (Macintosh; Intel Mac OS X 10_15_6) AppleWebKit/537.36 (KHTML, like Gecko) Chrome/85.0.4183.83 Safari/537.36"
::1 - - [07/Sep/2020:16:01:11 +0000] "GET /goals HTTP/1.1" 200 68 "http://localhost:3000/" "Mozilla/5.0 (Macintosh; Intel Mac OS X 10_15_6) AppleWebKit/537.36 (KHTML, like Gecko) Chrome/85.0.4183.83 Safari/537.36"
::1 - - [07/Sep/2020:16:01:17 +0000] "OPTIONS /goals HTTP/1.1" 200 13 "http://localhost:3000/" "Mozilla/5.0 (Macintosh; Intel Mac OS X 10_15_6) AppleWebKit/537.36 (KHTML, like Gecko) Chrome/85.0.4183.83 Safari/537.36"
::1 - - [07/Sep/2020:16:01:17 +0000] "POST /goals HTTP/1.1" 201 97 "http://localhost:3000/" "Mozilla/5.0 (Macintosh; Intel Mac OS X 10_15_6) AppleWebKit/537.36 (KHTML, like Gecko) Chrome/85.0.4183.83 Safari/537.36"
::1 - - [07/Sep/2020:16:01:21 +0000] "OPTIONS /goals/5f565946d34d141774eb643f HTTP/1.1" 200 6 "http://localhost:3000/" "Mozilla/5.0 (Macintosh; Intel Mac OS X 10_15_6) AppleWebKit/537.36 (KHTML, like Gecko) Chrome/85.0.4183.83 Safari/537.36"
::1 - - [07/Sep/2020:16:01:21 +0000] "DELETE /goals/5f565946d34d141774eb643f HTTP/1.1" 200 27 "http://localhost:3000/" "Mozilla/5.0 (Macintosh; Intel Mac OS X 10_15_6) AppleWebKit/537.36 (KHTML, like Gecko) Chrome/85.0.4183.83 Safari/537.36"
::1 - - [07/Sep/2020:16:01:21 +0000] "OPTIONS /goals/5f56594dd34d141774eb6440 HTTP/1.1" 200 6 "http://localhost:3000/" "Mozilla/5.0 (Macintosh; Intel Mac OS X 10_15_6) AppleWebKit/537.36 (KHTML, like Gecko) Chrome/85.0.4183.83 Safari/537.36"
::1 - - [07/Sep/2020:16:01:21 +0000] "DELETE /goals/5f56594dd34d141774eb6440 HTTP/1.1" 200 27 "http://localhost:3000/" "Mozilla/5.0 (Macintosh; Intel Mac OS X 10_15_6) AppleWebKit/537.36 (KHTML, like Gecko) Chrome/85.0.4183.83 Safari/537.36"
::1 - - [07/Sep/2020:16:01:33 +0000] "GET /goals HTTP/1.1" 200 12 "http://localhost:3000/" "Mozilla/5.0 (Macintosh; Intel Mac OS X 10_15_6) AppleWebKit/537.36 (KHTML, like Gecko) Chrome/85.0.4183.83 Safari/537.36"
::1 - - [07/Sep/2020:16:01:35 +0000] "OPTIONS /goals HTTP/1.1" 200 13 "http://localhost:3000/" "Mozilla/5.0 (Macintosh; Intel Mac OS X 10_15_6) AppleWebKit/537.36 (KHTML, like Gecko) Chrome/85.0.4183.83 Safari/537.36"
::1 - - [07/Sep/2020:16:01:35 +0000] "POST /goals HTTP/1.1" 201 88 "http://localhost:3000/" "Mozilla/5.0 (Macintosh; Intel Mac OS X 10_15_6) AppleWebKit/537.36 (KHTML, like Gecko) Chrome/85.0.4183.83 Safari/537.36"
::1 - - [07/Sep/2020:16:01:39 +0000] "OPTIONS /goals/5f56595fd34d141774eb6441 HTTP/1.1" 200 6 "http://localhost:3000/" "Mozilla/5.0 (Macintosh; Intel Mac OS X 10_15_6) AppleWebKit/537.36 (KHTML, like Gecko) Chrome/85.0.4183.83 Safari/537.36"
::1 - - [07/Sep/2020:16:01:39 +0000] "DELETE /goals/5f56595fd34d141774eb6441 HTTP/1.1" 200 27 "http://localhost:3000/" "Mozilla/5.0 (Macintosh; Intel Mac OS X 10_15_6) AppleWebKit/537.36 (KHTML, like Gecko) Chrome/85.0.4183.83 Safari/537.36"
::1 - - [07/Nov/2020:03:36:20 +0000] "GET /goals HTTP/1.1" 200 12 "http://localhost:3000/" "Mozilla/5.0 (Macintosh; Intel Mac OS X 10_15_7) AppleWebKit/537.36 (KHTML, like Gecko) Chrome/86.0.4240.183 Safari/537.36"
::1 - - [07/Nov/2020:03:36:51 +0000] "OPTIONS /goals HTTP/1.1" 200 13 "http://localhost:3000/" "Mozilla/5.0 (Macintosh; Intel Mac OS X 10_15_7) AppleWebKit/537.36 (KHTML, like Gecko) Chrome/86.0.4240.183 Safari/537.36"
::1 - - [07/Nov/2020:03:36:51 +0000] "POST /goals HTTP/1.1" 201 85 "http://localhost:3000/" "Mozilla/5.0 (Macintosh; Intel Mac OS X 10_15_7) AppleWebKit/537.36 (KHTML, like Gecko) Chrome/86.0.4240.183 Safari/537.36"
::1 - - [07/Nov/2020:03:37:01 +0000] "OPTIONS /goals HTTP/1.1" 200 13 "http://localhost:3000/" "Mozilla/5.0 (Macintosh; Intel Mac OS X 10_15_7) AppleWebKit/537.36 (KHTML, like Gecko) Chrome/86.0.4240.183 Safari/537.36"
::1 - - [07/Nov/2020:03:37:01 +0000] "POST /goals HTTP/1.1" 201 85 "http://localhost:3000/" "Mozilla/5.0 (Macintosh; Intel Mac OS X 10_15_7) AppleWebKit/537.36 (KHTML, like Gecko) Chrome/86.0.4240.183 Safari/537.36"
::1 - - [07/Nov/2020:03:37:10 +0000] "OPTIONS /goals HTTP/1.1" 200 13 "http://localhost:3000/" "Mozilla/5.0 (Macintosh; Intel Mac OS X 10_15_7) AppleWebKit/537.36 (KHTML, like Gecko) Chrome/86.0.4240.183 Safari/537.36"
::1 - - [07/Nov/2020:03:37:10 +0000] "POST /goals HTTP/1.1" 201 86 "http://localhost:3000/" "Mozilla/5.0 (Macintosh; Intel Mac OS X 10_15_7) AppleWebKit/537.36 (KHTML, like Gecko) Chrome/86.0.4240.183 Safari/537.36"
